<?xml version="1.0" encoding="UTF-8"?>
<!-- Generated by org.testng.reporters.JUnitReportReporter -->
<testsuite hostname="DESKTOP-G7HDG2O" failures="0" tests="1" name="com.inetbanking.testCases.TC_AddCoustmerTest_003" time="13.725" errors="0" timestamp="2022-01-08T20:25:57 IST" skipped="0">
  <testcase classname="com.inetbanking.testCases.TC_AddCoustmerTest_003" name="addNewCoustmer" time="13.725"/>
  <system-out/>
</testsuite> <!-- com.inetbanking.testCases.TC_AddCoustmerTest_003 -->
