<?xml version="1.0" encoding="UTF-8"?>
<!-- Generated by org.testng.reporters.JUnitReportReporter -->
<testsuite skipped="0" hostname="DESKTOP-G7HDG2O" name="com.inetbanking.testCases.TC_AddCoustmerTest_003" tests="1" failures="0" timestamp="2022-01-12T16:01:45 IST" time="14.418" errors="0">
  <testcase name="addNewCoustmer" time="14.418" classname="com.inetbanking.testCases.TC_AddCoustmerTest_003"/>
  <system-out/>
</testsuite> <!-- com.inetbanking.testCases.TC_AddCoustmerTest_003 -->
